<databaseChangeLog xmlns:xsi="http://www.w3.org/2001/XMLSchema-instance"
                   xmlns="http://www.liquibase.org/xml/ns/dbchangelog"
                   xsi:schemaLocation="http://www.liquibase.org/xml/ns/dbchangelog
                                        http://www.liquibase.org/xml/ns/dbchangelog/dbchangelog-3.8.xsd">

    <!-- Insert a test user and a linked seller for integration tests -->
    <changeSet id="19102025-test-1" author="testing-man" context="test">
        <insert tableName="user">
            <column name="id" value="11111111-1111-1111-1111-111111111111"/>
            <column name="firstName" value="Jotaro"/>
            <column name="lastName" value="Kujo"/>
            <column name="email" value="jotaro.kujo@example.com"/>
        </insert>
    </changeSet>

    <changeSet id="19102025-test-2" author="testing-man" context="test">
        <insert tableName="seller">
            <column name="id" value="22222222-2222-2222-2222-222222222222"/>
            <column name="companyName" value="Stardust Crusaders"/>
            <column name="phoneNumber" value="1234567890"/>
            <column name="user_id" value="11111111-1111-1111-1111-111111111111"/>
        </insert>
    </changeSet>

</databaseChangeLog>