<databaseChangeLog xmlns:xsi="http://www.w3.org/2001/XMLSchema-instance"
                   xmlns="http://www.liquibase.org/xml/ns/dbchangelog"
                   xsi:schemaLocation="http://www.liquibase.org/xml/ns/dbchangelog
                                        http://www.liquibase.org/xml/ns/dbchangelog/dbchangelog-3.8.xsd">

    <!-- Insert a test appUser and a linked seller for integration tests -->
    <changeSet id="19102025-test-1" author="testing-man" context="test">
        <insert tableName="app_user">
            <column name="id" value="2d633577-52ee-43f5-ab31-f39de2dd5e64"/>
            <column name="first_name" value="Jotaro"/>
            <column name="last_name" value="Kujo"/>
            <column name="email" value="jotaro.kujo@example.com"/>
        </insert>
    </changeSet>

    <changeSet id="19102025-test-2" author="testing-man" context="test">
        <insert tableName="seller">
            <column name="id" value="91e10690-867d-4bac-88ad-2ccac2f26392"/>
            <column name="company_name" value="Stardust Crusaders"/>
            <column name="phone_number" value="1234567890"/>
            <column name="app_user_id" value="2d633577-52ee-43f5-ab31-f39de2dd5e64"/>
        </insert>
    </changeSet>

</databaseChangeLog>